Using pre-set license
Built from '2022.3/staging' branch; Version is '2022.3.10f1 (ff3792e53c62) revision 16725906'; Using compiler version '192829333'; Build Type 'Release'
OS: 'Windows 10  (10.0.19045) 64bit Professional' Language: 'pt' Physical Memory: 15792 MB
BatchMode: 1, IsHumanControllingUs: 0, StartBugReporterOnCrash: 0, Is64bit: 1, IsPro: 1

COMMAND LINE ARGUMENTS:
C:\Program Files\Unity\Hub\Editor\2022.3.10f1\Editor\Unity.exe
-adb2
-batchMode
-noUpm
-name
AssetImportWorker1
-projectPath
C:/Users/olive/OneDrive/Documentos/GitHub/PJ3/PJ3
-logFile
Logs/AssetImportWorker1.log
-srvPort
51902
Successfully changed project path to: C:/Users/olive/OneDrive/Documentos/GitHub/PJ3/PJ3
C:/Users/olive/OneDrive/Documentos/GitHub/PJ3/PJ3
[UnityMemory] Configuration Parameters - Can be set up in boot.config
    "memorysetup-bucket-allocator-granularity=16"
    "memorysetup-bucket-allocator-bucket-count=8"
    "memorysetup-bucket-allocator-block-size=33554432"
    "memorysetup-bucket-allocator-block-count=8"
    "memorysetup-main-allocator-block-size=16777216"
    "memorysetup-thread-allocator-block-size=16777216"
    "memorysetup-gfx-main-allocator-block-size=16777216"
    "memorysetup-gfx-thread-allocator-block-size=16777216"
    "memorysetup-cache-allocator-block-size=4194304"
    "memorysetup-typetree-allocator-block-size=2097152"
    "memorysetup-profiler-bucket-allocator-granularity=16"
    "memorysetup-profiler-bucket-allocator-bucket-count=8"
    "memorysetup-profiler-bucket-allocator-block-size=33554432"
    "memorysetup-profiler-bucket-allocator-block-count=8"
    "memorysetup-profiler-allocator-block-size=16777216"
    "memorysetup-profiler-editor-allocator-block-size=1048576"
    "memorysetup-temp-allocator-size-main=16777216"
    "memorysetup-job-temp-allocator-block-size=2097152"
    "memorysetup-job-temp-allocator-block-size-background=1048576"
    "memorysetup-job-temp-allocator-reduction-small-platforms=262144"
    "memorysetup-allocator-temp-initial-block-size-main=262144"
    "memorysetup-allocator-temp-initial-block-size-worker=262144"
    "memorysetup-temp-allocator-size-background-worker=32768"
    "memorysetup-temp-allocator-size-job-worker=262144"
    "memorysetup-temp-allocator-size-preload-manager=33554432"
    "memorysetup-temp-allocator-size-nav-mesh-worker=65536"
    "memorysetup-temp-allocator-size-audio-worker=65536"
    "memorysetup-temp-allocator-size-cloud-worker=32768"
    "memorysetup-temp-allocator-size-gi-baking-worker=262144"
    "memorysetup-temp-allocator-size-gfx=262144"
Player connection [3648] Host "[IP] 192.168.1.79 [Port] 0 [Flags] 2 [Guid] 283893654 [EditorId] 283893654 [Version] 1048832 [Id] WindowsEditor(7,DESKTOP-6O2BJHN) [Debug] 1 [PackageName] WindowsEditor [ProjectName] Editor" joined multi-casting on [225.0.0.222:54997]...

Player connection [3648] Host "[IP] 192.168.1.79 [Port] 0 [Flags] 2 [Guid] 283893654 [EditorId] 283893654 [Version] 1048832 [Id] WindowsEditor(7,DESKTOP-6O2BJHN) [Debug] 1 [PackageName] WindowsEditor [ProjectName] Editor" joined alternative multi-casting on [225.0.0.222:34997]...

[Physics::Module] Initialized MultithreadedJobDispatcher with 5 workers.
Refreshing native plugins compatible for Editor in 77.43 ms, found 3 plugins.
Preloading 0 native plugins for Editor in 0.00 ms.
Initialize engine version: 2022.3.10f1 (ff3792e53c62)
[Subsystems] Discovering subsystems at path C:/Program Files/Unity/Hub/Editor/2022.3.10f1/Editor/Data/Resources/UnitySubsystems
[Subsystems] Discovering subsystems at path C:/Users/olive/OneDrive/Documentos/GitHub/PJ3/PJ3/Assets
GfxDevice: creating device client; threaded=0; jobified=0
Direct3D:
    Version:  Direct3D 11.0 [level 11.1]
    Renderer: AMD Radeon(TM) Graphics (ID=0x1636)
    Vendor:   ATI
    VRAM:     7896 MB
    Driver:   31.0.21912.14
Initialize mono
Mono path[0] = 'C:/Program Files/Unity/Hub/Editor/2022.3.10f1/Editor/Data/Managed'
Mono path[1] = 'C:/Program Files/Unity/Hub/Editor/2022.3.10f1/Editor/Data/MonoBleedingEdge/lib/mono/unityjit-win32'
Mono config path = 'C:/Program Files/Unity/Hub/Editor/2022.3.10f1/Editor/Data/MonoBleedingEdge/etc'
Using monoOptions --debugger-agent=transport=dt_socket,embedding=1,server=y,suspend=n,address=127.0.0.1:56256
Begin MonoManager ReloadAssembly
Registering precompiled unity dll's ...
Register platform support module: C:/Program Files/Unity/Hub/Editor/2022.3.10f1/Editor/Data/PlaybackEngines/WindowsStandaloneSupport/UnityEditor.WindowsStandalone.Extensions.dll
Registered in 0.038735 seconds.
- Loaded All Assemblies, in  1.477 seconds
Native extension for WindowsStandalone target not found
Mono: successfully reloaded assembly
- Finished resetting the current domain, in  0.543 seconds
Domain Reload Profiling: 2017ms
	BeginReloadAssembly (730ms)
		ExecutionOrderSort (0ms)
		DisableScriptedObjects (0ms)
		BackupInstance (0ms)
		ReleaseScriptingObjects (0ms)
		CreateAndSetChildDomain (1ms)
	RebuildCommonClasses (78ms)
	RebuildNativeTypeToScriptingClass (35ms)
	initialDomainReloadingComplete (164ms)
	LoadAllAssembliesAndSetupDomain (467ms)
		LoadAssemblies (591ms)
		RebuildTransferFunctionScriptingTraits (0ms)
		AnalyzeDomain (464ms)
			TypeCache.Refresh (461ms)
				TypeCache.ScanAssembly (436ms)
			ScanForSourceGeneratedMonoScriptInfo (1ms)
			ResolveRequiredComponents (1ms)
	FinalizeReload (544ms)
		ReleaseScriptCaches (0ms)
		RebuildScriptCaches (0ms)
		SetupLoadedEditorAssemblies (422ms)
			LogAssemblyErrors (0ms)
			InitializePlatformSupportModulesInManaged (23ms)
			SetLoadedEditorAssemblies (16ms)
			RefreshPlugins (0ms)
			BeforeProcessingInitializeOnLoad (3ms)
			ProcessInitializeOnLoadAttributes (287ms)
			ProcessInitializeOnLoadMethodAttributes (92ms)
			AfterProcessingInitializeOnLoad (0ms)
			EditorAssembliesLoaded (0ms)
		ExecutionOrderSort2 (0ms)
		AwakeInstancesAfterBackupRestoration (0ms)
========================================================================
Worker process is ready to serve import requests
Begin MonoManager ReloadAssembly
- Loaded All Assemblies, in  1.353 seconds
Refreshing native plugins compatible for Editor in 10.41 ms, found 3 plugins.
Native extension for WindowsStandalone target not found
Package Manager log level set to [2]
[Package Manager] Server::EnsureServerProcessIsRunning -- launch failed, reason: Unity was launched with the -noUpm command-line argument
[Package Manager] UpmClient::Send -- Unable to send message (not connected to UPM process).
[Package Manager] Cannot connect to Unity Package Manager local server
Mono: successfully reloaded assembly
- Finished resetting the current domain, in  1.059 seconds
Domain Reload Profiling: 2407ms
	BeginReloadAssembly (320ms)
		ExecutionOrderSort (0ms)
		DisableScriptedObjects (14ms)
		BackupInstance (0ms)
		ReleaseScriptingObjects (0ms)
		CreateAndSetChildDomain (45ms)
	RebuildCommonClasses (61ms)
	RebuildNativeTypeToScriptingClass (19ms)
	initialDomainReloadingComplete (79ms)
	LoadAllAssembliesAndSetupDomain (867ms)
		LoadAssemblies (711ms)
		RebuildTransferFunctionScriptingTraits (0ms)
		AnalyzeDomain (350ms)
			TypeCache.Refresh (303ms)
				TypeCache.ScanAssembly (276ms)
			ScanForSourceGeneratedMonoScriptInfo (28ms)
			ResolveRequiredComponents (17ms)
	FinalizeReload (1060ms)
		ReleaseScriptCaches (0ms)
		RebuildScriptCaches (0ms)
		SetupLoadedEditorAssemblies (785ms)
			LogAssemblyErrors (0ms)
			InitializePlatformSupportModulesInManaged (18ms)
			SetLoadedEditorAssemblies (5ms)
			RefreshPlugins (0ms)
			BeforeProcessingInitializeOnLoad (113ms)
			ProcessInitializeOnLoadAttributes (586ms)
			ProcessInitializeOnLoadMethodAttributes (42ms)
			AfterProcessingInitializeOnLoad (22ms)
			EditorAssembliesLoaded (0ms)
		ExecutionOrderSort2 (0ms)
		AwakeInstancesAfterBackupRestoration (13ms)
Launched and connected shader compiler UnityShaderCompiler.exe after 0.12 seconds
Refreshing native plugins compatible for Editor in 10.39 ms, found 3 plugins.
Preloading 0 native plugins for Editor in 0.00 ms.
Unloading 3270 Unused Serialized files (Serialized files now loaded: 0)
Unloading 43 unused Assets / (1.3 MB). Loaded Objects now: 3735.
Memory consumption went from 138.4 MB to 137.1 MB.
Total: 6.248500 ms (FindLiveObjects: 0.579200 ms CreateObjectMapping: 0.241300 ms MarkObjects: 4.368800 ms  DeleteObjects: 1.056800 ms)

AssetImportParameters requested are different than current active one (requested -> active):
  custom:container-demuxer-ogg: 62fdf1f143b41e24485cea50d1cbac27 -> 
  custom:video-decoder-ogg-theora: a1e56fd34408186e4bbccfd4996cb3dc -> 
  custom:framework-win-MediaFoundation: 216162199b28c13a410421893ffa2e32 -> 
  custom:container-demuxer-webm: 4f35f7cbe854078d1ac9338744f61a02 -> 
  custom:container-muxer-webm: aa71ff27fc2769a1b78a27578f13a17b -> 
  custom:video-decoder-webm-vp8: 9c59270c3fd7afecdb556c50c9e8de78 -> 
  custom:AudioImporter_EditorPlatform: d09bf68614088b80899f8185d706f6e7 -> 
  custom:video-encoder-webm-vp8: eb34c28f22e8b96e1ab97ce403110664 -> 
  custom:audio-decoder-ogg-vorbis: bf7c407c2cedff20999df2af8eb42d56 -> 
  custom:audio-encoder-webm-vorbis: bf7c407c2cedff20999df2af8eb42d56 -> 
========================================================================
Received Import Request.
  Time since last request: 86643.300034 seconds.
  path: Assets/Busto_Base_01.fbx
  artifactKey: Guid(2e634de0085a61e4f99f05c6215746f1) Importer(815301076,1909f56bfc062723c751e8b465ee728b)
Start importing Assets/Busto_Base_01.fbx using Guid(2e634de0085a61e4f99f05c6215746f1) Importer(815301076,1909f56bfc062723c751e8b465ee728b)  -> (artifact id: '7714fee59924d542fa4e53a25fd52cbf') in 0.422967 seconds
Number of updated asset objects reloaded before import = 0
Number of asset objects unloaded after import = 16
========================================================================
Received Prepare
Refreshing native plugins compatible for Editor in 5.57 ms, found 3 plugins.
Preloading 0 native plugins for Editor in 0.00 ms.
Unloading 12 Unused Serialized files (Serialized files now loaded: 0)
Unloading 13 unused Assets / (1.2 MB). Loaded Objects now: 3780.
Memory consumption went from 83.1 MB to 81.8 MB.
Total: 4.570000 ms (FindLiveObjects: 0.349500 ms CreateObjectMapping: 0.108900 ms MarkObjects: 3.708300 ms  DeleteObjects: 0.401100 ms)

Prepare: number of updated asset objects reloaded= 0
AssetImportParameters requested are different than current active one (requested -> active):
  custom:container-demuxer-ogg: 62fdf1f143b41e24485cea50d1cbac27 -> 
  custom:video-decoder-ogg-theora: a1e56fd34408186e4bbccfd4996cb3dc -> 
  custom:framework-win-MediaFoundation: 216162199b28c13a410421893ffa2e32 -> 
  custom:CustomObjectIndexerAttribute: 756ad292c208cfabdd7b50bc23989ffe -> 
  custom:container-demuxer-webm: 4f35f7cbe854078d1ac9338744f61a02 -> 
  custom:container-muxer-webm: aa71ff27fc2769a1b78a27578f13a17b -> 
  custom:video-decoder-webm-vp8: 9c59270c3fd7afecdb556c50c9e8de78 -> 
  custom:SearchIndexIgnoredProperties: e643bd26f0fe6173181afceb89e7c659 -> 
  custom:AudioImporter_EditorPlatform: d09bf68614088b80899f8185d706f6e7 -> 
  custom:video-encoder-webm-vp8: eb34c28f22e8b96e1ab97ce403110664 -> 
  custom:audio-decoder-ogg-vorbis: bf7c407c2cedff20999df2af8eb42d56 -> 
  custom:audio-encoder-webm-vorbis: bf7c407c2cedff20999df2af8eb42d56 -> 
========================================================================
Received Import Request.
  Time since last request: 1232.561531 seconds.
  path: Assets/Scripts/Objects/New Render Texture.renderTexture
  artifactKey: Guid(9041dfea01b63bc4b8fc0661d253500d) Importer(815301076,1909f56bfc062723c751e8b465ee728b)
Start importing Assets/Scripts/Objects/New Render Texture.renderTexture using Guid(9041dfea01b63bc4b8fc0661d253500d) Importer(815301076,1909f56bfc062723c751e8b465ee728b)  -> (artifact id: '90f79738d733fe3df3a2c15323eeb225') in 0.067266 seconds
Number of updated asset objects reloaded before import = 0
Number of asset objects unloaded after import = 2
========================================================================
Received Import Request.
  Time since last request: 0.000200 seconds.
  path: Assets/Scripts/Objects/PJ3 - Floor Demo - Windows, Mac, Linux - Unity 2022.3.10f1 _DX11_ 2024-04-14 21-42-47.mp4
  artifactKey: Guid(2cee7c760b8b5fb49955cf093f454e61) Importer(815301076,1909f56bfc062723c751e8b465ee728b)
Start importing Assets/Scripts/Objects/PJ3 - Floor Demo - Windows, Mac, Linux - Unity 2022.3.10f1 _DX11_ 2024-04-14 21-42-47.mp4 using Guid(2cee7c760b8b5fb49955cf093f454e61) Importer(815301076,1909f56bfc062723c751e8b465ee728b)  -> (artifact id: 'e371bec46e9dcb1c651f6e1617c24ad0') in 0.004648 seconds
Number of updated asset objects reloaded before import = 0
Number of asset objects unloaded after import = 1
========================================================================
Received Import Request.
  Time since last request: 37.689492 seconds.
  path: Assets/UIElements/NotePad Images/pagvazia_notepad_cut.png
  artifactKey: Guid(a728c59c51ca528408c95c35fa130b6a) Importer(815301076,1909f56bfc062723c751e8b465ee728b)
Start importing Assets/UIElements/NotePad Images/pagvazia_notepad_cut.png using Guid(a728c59c51ca528408c95c35fa130b6a) Importer(815301076,1909f56bfc062723c751e8b465ee728b)  -> (artifact id: '5b08b661ac92ded9224b6375595a2126') in 0.100035 seconds
Number of updated asset objects reloaded before import = 0
Number of asset objects unloaded after import = 3
========================================================================
Received Import Request.
  Time since last request: 0.000243 seconds.
  path: Assets/UIElements/NotePad Images/quadros_notepad_cut.png
  artifactKey: Guid(e10780e8f4c3a1c4ebfb283127455bf1) Importer(815301076,1909f56bfc062723c751e8b465ee728b)
Start importing Assets/UIElements/NotePad Images/quadros_notepad_cut.png using Guid(e10780e8f4c3a1c4ebfb283127455bf1) Importer(815301076,1909f56bfc062723c751e8b465ee728b)  -> (artifact id: '8626b0f7ec5b4aee14c0ffa8825b5232') in 0.044535 seconds
Number of updated asset objects reloaded before import = 0
Number of asset objects unloaded after import = 3
========================================================================
Received Import Request.
  Time since last request: 0.392147 seconds.
  path: Assets/UIElements/arrrow/arrow2.png
  artifactKey: Guid(b02652f593e0373429d2e2fd1101489d) Importer(815301076,1909f56bfc062723c751e8b465ee728b)
Start importing Assets/UIElements/arrrow/arrow2.png using Guid(b02652f593e0373429d2e2fd1101489d) Importer(815301076,1909f56bfc062723c751e8b465ee728b)  -> (artifact id: '8ac94fadb5729c46596957f2cbbdf006') in 0.061924 seconds
Number of updated asset objects reloaded before import = 0
Number of asset objects unloaded after import = 2
========================================================================
Received Import Request.
  Time since last request: 368.160045 seconds.
  path: Assets/UIElements/inventory_slot_alltogether@2x.png
  artifactKey: Guid(36c5902542dbfe44586320f27099901d) Importer(815301076,1909f56bfc062723c751e8b465ee728b)
Start importing Assets/UIElements/inventory_slot_alltogether@2x.png using Guid(36c5902542dbfe44586320f27099901d) Importer(815301076,1909f56bfc062723c751e8b465ee728b)  -> (artifact id: 'ad15ea2bcb3095e0046b3388717f11d7') in 0.149014 seconds
Number of updated asset objects reloaded before import = 0
Number of asset objects unloaded after import = 3
========================================================================
Received Import Request.
  Time since last request: 0.000041 seconds.
  path: Assets/UIElements/object_inspect_line.png
  artifactKey: Guid(b2bb96904bd114e46995c5c7ee817997) Importer(815301076,1909f56bfc062723c751e8b465ee728b)
Start importing Assets/UIElements/object_inspect_line.png using Guid(b2bb96904bd114e46995c5c7ee817997) Importer(815301076,1909f56bfc062723c751e8b465ee728b)  -> (artifact id: 'ae1a189ed0c29b7dab49238595ae10dc') in 0.047161 seconds
Number of updated asset objects reloaded before import = 0
Number of asset objects unloaded after import = 2
========================================================================
Received Import Request.
  Time since last request: 0.000425 seconds.
  path: Assets/UIElements/invt_systm.png
  artifactKey: Guid(1115e93979426d842ae7d80d6cb88662) Importer(815301076,1909f56bfc062723c751e8b465ee728b)
Start importing Assets/UIElements/invt_systm.png using Guid(1115e93979426d842ae7d80d6cb88662) Importer(815301076,1909f56bfc062723c751e8b465ee728b)  -> (artifact id: '773048d6e4417ab8ced9e93a1d9b980a') in 0.050186 seconds
Number of updated asset objects reloaded before import = 0
Number of asset objects unloaded after import = 3
========================================================================
Received Import Request.
  Time since last request: 0.000161 seconds.
  path: Assets/UIElements/object_inspect_alltogether.png
  artifactKey: Guid(169406f01cb81dc4b814dc9fd3ebb504) Importer(815301076,1909f56bfc062723c751e8b465ee728b)
Start importing Assets/UIElements/object_inspect_alltogether.png using Guid(169406f01cb81dc4b814dc9fd3ebb504) Importer(815301076,1909f56bfc062723c751e8b465ee728b)  -> (artifact id: 'd3a5275a4f7d48ced05bf38e7212493e') in 0.044363 seconds
Number of updated asset objects reloaded before import = 0
Number of asset objects unloaded after import = 3
========================================================================
Received Import Request.
  Time since last request: 0.000021 seconds.
  path: Assets/UIElements/inventory_slot_background_w_transparency@2x.png
  artifactKey: Guid(d3f3f43886590734b8b4b37eedab66b7) Importer(815301076,1909f56bfc062723c751e8b465ee728b)
Start importing Assets/UIElements/inventory_slot_background_w_transparency@2x.png using Guid(d3f3f43886590734b8b4b37eedab66b7) Importer(815301076,1909f56bfc062723c751e8b465ee728b)  -> (artifact id: 'cd3b6ec9a8cad05ae388d1e4bb9a53bf') in 0.090490 seconds
Number of updated asset objects reloaded before import = 0
Number of asset objects unloaded after import = 3
Editor requested this worker to shutdown with reason: Scaling down because of idle timeout
TcpMessagingSession - receive error: operation aborted. errorcode: 995, details: A operação de E/S foi cancelada devido a uma saída do módulo ou a um pedido da aplicação.
AssetImportWorker is now disconnected from the server
Process exiting
Exiting without the bug reporter. Application will terminate with return code 0